2026-02-23T10:26:33.670Z Dominat8 overnight runner started. LOG_FILE= C:\Users\ccant\dominat8.io\overnight-run.log
2026-02-23T10:26:33.674Z SMOKE_BASE_URL= http://localhost:3000 
2026-02-23T10:26:33.675Z ========== Dominat8 overnight run ==========
2026-02-23T10:26:33.677Z [1/6] Heal...
2026-02-23T10:26:33.976Z [2/6] Doctor...
2026-02-23T10:27:05.546Z [3/6] Typecheck...
2026-02-23T10:27:22.000Z CMD FAILED: npm run typecheck Command failed: npm run typecheck
2026-02-23T10:27:22.002Z Typecheck failed. Continuing anyway; build may fail.
2026-02-23T10:27:22.004Z [4/6] Lint...
2026-02-23T10:27:23.523Z CMD FAILED: npm run lint Command failed: npm run lint
2026-02-23T10:27:23.526Z Lint had issues. Continuing.
2026-02-23T10:27:23.527Z [5/6] Build...
2026-02-23T10:27:57.680Z Build failed. Re-running heal and retrying build...
2026-02-23T10:28:31.689Z Build still failed after retry.
2026-02-23T10:28:31.691Z Overnight runner done. Check C:\Users\ccant\dominat8.io\overnight-run.log for full log.
2026-02-23T10:36:45.161Z Dominat8 overnight runner started. LOG_FILE= C:\Users\ccant\dominat8.io\overnight-run.log
2026-02-23T10:36:45.164Z SMOKE_BASE_URL= http://localhost:3000 
2026-02-23T10:36:45.165Z ========== Dominat8 overnight run ==========
2026-02-23T10:36:45.166Z [1/6] Heal...
2026-02-23T10:36:45.506Z [2/6] Doctor...
2026-02-23T10:37:00.438Z [3/6] Typecheck...
2026-02-23T10:37:11.881Z Typecheck failed. Continuing anyway; build may fail.
2026-02-23T10:37:11.882Z [4/7] Lint...
2026-02-23T10:37:12.874Z CMD FAILED: npm run lint Command failed: npm run lint
2026-02-23T10:37:12.875Z Lint had issues. Continuing.
2026-02-23T10:37:12.876Z [5/7] Auto-improve...
2026-02-23T10:37:13.931Z [6/7] Build...
2026-02-23T10:37:37.557Z Build failed. Re-running heal and retrying build...
2026-02-23T10:38:00.778Z Build still failed after retry.
2026-02-23T10:38:00.779Z Overnight runner done. Check C:\Users\ccant\dominat8.io\overnight-run.log for full log.
