[2026-02-04T05:14:07] === REPAIR OWNER START ===
[2026-02-04T05:14:07] Repo: C:\Temp\FARMS\Dominat8.io-clone
[2026-02-04T05:14:08] LoopSleepSeconds: 60
[2026-02-04T05:14:08] MaxRepairAttemptsPerRed: 3
[2026-02-04T05:14:08] WARN: No GitHub Actions runs found (is Actions enabled?). Sleeping...
[2026-02-04T05:15:08] WARN: No GitHub Actions runs found (is Actions enabled?). Sleeping...
[2026-02-04T05:16:08] WARN: No GitHub Actions runs found (is Actions enabled?). Sleeping...
[2026-02-04T05:17:08] WARN: No GitHub Actions runs found (is Actions enabled?). Sleeping...
[2026-02-04T05:18:08] WARN: No GitHub Actions runs found (is Actions enabled?). Sleeping...
[2026-02-04T05:19:09] WARN: No GitHub Actions runs found (is Actions enabled?). Sleeping...
[2026-02-04T05:20:09] WARN: No GitHub Actions runs found (is Actions enabled?). Sleeping...
[2026-02-04T05:21:09] WARN: No GitHub Actions runs found (is Actions enabled?). Sleeping...
[2026-02-04T05:22:09] WARN: No GitHub Actions runs found (is Actions enabled?). Sleeping...
[2026-02-04T05:23:09] WARN: No GitHub Actions runs found (is Actions enabled?). Sleeping...
[2026-02-04T05:24:09] WARN: No GitHub Actions runs found (is Actions enabled?). Sleeping...
[2026-02-04T05:25:09] WARN: No GitHub Actions runs found (is Actions enabled?). Sleeping...
[2026-02-04T05:26:09] WARN: No GitHub Actions runs found (is Actions enabled?). Sleeping...
[2026-02-04T05:27:09] WARN: No GitHub Actions runs found (is Actions enabled?). Sleeping...
[2026-02-04T05:28:09] WARN: No GitHub Actions runs found (is Actions enabled?). Sleeping...
[2026-02-04T05:29:09] WARN: No GitHub Actions runs found (is Actions enabled?). Sleeping...
[2026-02-04T05:29:27] === REPAIR OWNER EXIT ===
